# JRE version: OpenJDK Runtime Environment (11.0.5+10) (build 11.0.5+10-b520.38)
# Java VM: OpenJDK 64-Bit Server VM (11.0.5+10-b520.38, mixed mode, sharing, tiered, compressed oops, g1 gc, windows-amd64)
Heap:
 garbage-first heap   total 262144K, used 81817K [0x00000000e0000000, 0x0000000100000000)
  region size 1024K, 61 young (62464K), 11 survivors (11264K)
 Metaspace       used 48282K, capacity 49420K, committed 49712K, reserved 296960K
  class space    used 6615K, capacity 6983K, committed 7040K, reserved 253952K
GC Heap History (10 events):
Event: 0.304 GC heap before
{Heap before GC invocations=0 (full 0):
 garbage-first heap   total 262144K, used 24576K [0x00000000e0000000, 0x0000000100000000)
  region size 1024K, 22 young (22528K), 0 survivors (0K)
 Metaspace       used 3753K, capacity 6508K, committed 6656K, reserved 262144K
  class space    used 484K, capacity 765K, committed 768K, reserved 253952K
}
Event: 0.306 GC heap after
{Heap after GC invocations=1 (full 0):
 garbage-first heap   total 262144K, used 7405K [0x00000000e0000000, 0x0000000100000000)
  region size 1024K, 3 young (3072K), 3 survivors (3072K)
 Metaspace       used 3753K, capacity 6508K, committed 6656K, reserved 262144K
  class space    used 484K, capacity 765K, committed 768K, reserved 253952K
}
Event: 1.654 GC heap before
{Heap before GC invocations=1 (full 0):
 garbage-first heap   total 262144K, used 121069K [0x00000000e0000000, 0x0000000100000000)
  region size 1024K, 116 young (118784K), 3 survivors (3072K)
 Metaspace       used 20649K, capacity 21156K, committed 21296K, reserved 272384K
  class space    used 2927K, capacity 3117K, committed 3200K, reserved 253952K
}
Event: 1.661 GC heap after
{Heap after GC invocations=2 (full 0):
 garbage-first heap   total 262144K, used 17571K [0x00000000e0000000, 0x0000000100000000)
  region size 1024K, 13 young (13312K), 13 survivors (13312K)
 Metaspace       used 20649K, capacity 21156K, committed 21296K, reserved 272384K
  class space    used 2927K, capacity 3117K, committed 3200K, reserved 253952K
}
Event: 2.102 GC heap before
{Heap before GC invocations=3 (full 0):
 garbage-first heap   total 262144K, used 82083K [0x00000000e0000000, 0x0000000100000000)
  region size 1024K, 74 young (75776K), 13 survivors (13312K)
 Metaspace       used 28067K, capacity 28709K, committed 28848K, reserved 280576K
  class space    used 3867K, capacity 4095K, committed 4096K, reserved 253952K
}
Event: 2.108 GC heap after
{Heap after GC invocations=4 (full 0):
 garbage-first heap   total 262144K, used 21334K [0x00000000e0000000, 0x0000000100000000)
  region size 1024K, 4 young (4096K), 4 survivors (4096K)
 Metaspace       used 28067K, capacity 28709K, committed 28848K, reserved 280576K
  class space    used 3867K, capacity 4095K, committed 4096K, reserved 253952K
}
Event: 2.677 GC heap before
{Heap before GC invocations=4 (full 0):
 garbage-first heap   total 262144K, used 107350K [0x00000000e0000000, 0x0000000100000000)
  region size 1024K, 89 young (91136K), 4 survivors (4096K)
 Metaspace       used 34978K, capacity 35814K, committed 35888K, reserved 284672K
  class space    used 4940K, capacity 5212K, committed 5248K, reserved 253952K
}
Event: 2.687 GC heap after
{Heap after GC invocations=5 (full 0):
 garbage-first heap   total 262144K, used 27212K [0x00000000e0000000, 0x0000000100000000)
  region size 1024K, 10 young (10240K), 10 survivors (10240K)
 Metaspace       used 34978K, capacity 35814K, committed 35888K, reserved 284672K
  class space    used 4940K, capacity 5212K, committed 5248K, reserved 253952K
}
Event: 2362.045 GC heap before
{Heap before GC invocations=6 (full 0):
 garbage-first heap   total 262144K, used 125516K [0x00000000e0000000, 0x0000000100000000)
  region size 1024K, 107 young (109568K), 10 survivors (10240K)
 Metaspace       used 44488K, capacity 45519K, committed 45616K, reserved 294912K
  class space    used 6201K, capacity 6499K, committed 6528K, reserved 253952K
}
Event: 2362.086 GC heap after
{Heap after GC invocations=7 (full 0):
 garbage-first heap   total 262144K, used 31641K [0x00000000e0000000, 0x0000000100000000)
  region size 1024K, 11 young (11264K), 11 survivors (11264K)
 Metaspace       used 44488K, capacity 45519K, committed 45616K, reserved 294912K
  class space    used 6201K, capacity 6499K, committed 6528K, reserved 253952K
}

